<?xml version="1.0" encoding="UTF-8"?>
<testsuite xmlns:xsi="http://www.w3.org/2001/XMLSchema-instance" xsi:noNamespaceSchemaLocation="https://maven.apache.org/surefire/maven-surefire-plugin/xsd/surefire-test-report-3.0.xsd" version="3.0" name="com.example.flink.AppTest" time="0.028" tests="1" errors="0" skipped="0" failures="0">
  <properties>
    <property name="java.specification.version" value="20"/>
    <property name="sun.cpu.isalist" value="amd64"/>
    <property name="sun.jnu.encoding" value="Cp1252"/>
    <property name="java.class.path" value="C:\Users\ayoub\Desktop\kappa_project\target\test-classes;C:\Users\ayoub\Desktop\kappa_project\target\classes;C:\Users\ayoub\.m2\repository\junit\junit\3.8.1\junit-3.8.1.jar;C:\Users\ayoub\.m2\repository\org\apache\flink\flink-streaming-java\1.18.0\flink-streaming-java-1.18.0.jar;C:\Users\ayoub\.m2\repository\org\apache\flink\flink-core\1.18.0\flink-core-1.18.0.jar;C:\Users\ayoub\.m2\repository\org\apache\flink\flink-annotations\1.18.0\flink-annotations-1.18.0.jar;C:\Users\ayoub\.m2\repository\org\apache\flink\flink-metrics-core\1.18.0\flink-metrics-core-1.18.0.jar;C:\Users\ayoub\.m2\repository\org\apache\flink\flink-shaded-asm-9\9.5-17.0\flink-shaded-asm-9-9.5-17.0.jar;C:\Users\ayoub\.m2\repository\org\apache\flink\flink-shaded-jackson\2.14.2-17.0\flink-shaded-jackson-2.14.2-17.0.jar;C:\Users\ayoub\.m2\repository\org\apache\commons\commons-lang3\3.12.0\commons-lang3-3.12.0.jar;C:\Users\ayoub\.m2\repository\org\apache\commons\commons-text\1.10.0\commons-text-1.10.0.jar;C:\Users\ayoub\.m2\repository\com\esotericsoftware\kryo\kryo\2.24.0\kryo-2.24.0.jar;C:\Users\ayoub\.m2\repository\com\esotericsoftware\minlog\minlog\1.2\minlog-1.2.jar;C:\Users\ayoub\.m2\repository\org\objenesis\objenesis\2.1\objenesis-2.1.jar;C:\Users\ayoub\.m2\repository\commons-collections\commons-collections\3.2.2\commons-collections-3.2.2.jar;C:\Users\ayoub\.m2\repository\org\apache\commons\commons-compress\1.21\commons-compress-1.21.jar;C:\Users\ayoub\.m2\repository\org\apache\flink\flink-file-sink-common\1.18.0\flink-file-sink-common-1.18.0.jar;C:\Users\ayoub\.m2\repository\org\apache\flink\flink-runtime\1.18.0\flink-runtime-1.18.0.jar;C:\Users\ayoub\.m2\repository\org\apache\flink\flink-rpc-core\1.18.0\flink-rpc-core-1.18.0.jar;C:\Users\ayoub\.m2\repository\org\apache\flink\flink-rpc-akka-loader\1.18.0\flink-rpc-akka-loader-1.18.0.jar;C:\Users\ayoub\.m2\repository\org\apache\flink\flink-queryable-state-client-java\1.18.0\flink-queryable-state-client-java-1.18.0.jar;C:\Users\ayoub\.m2\repository\org\apache\flink\flink-hadoop-fs\1.18.0\flink-hadoop-fs-1.18.0.jar;C:\Users\ayoub\.m2\repository\commons-io\commons-io\2.11.0\commons-io-2.11.0.jar;C:\Users\ayoub\.m2\repository\org\apache\flink\flink-shaded-netty\4.1.91.Final-17.0\flink-shaded-netty-4.1.91.Final-17.0.jar;C:\Users\ayoub\.m2\repository\org\apache\flink\flink-shaded-zookeeper-3\3.7.1-17.0\flink-shaded-zookeeper-3-3.7.1-17.0.jar;C:\Users\ayoub\.m2\repository\org\javassist\javassist\3.24.0-GA\javassist-3.24.0-GA.jar;C:\Users\ayoub\.m2\repository\org\xerial\snappy\snappy-java\1.1.10.4\snappy-java-1.1.10.4.jar;C:\Users\ayoub\.m2\repository\org\lz4\lz4-java\1.8.0\lz4-java-1.8.0.jar;C:\Users\ayoub\.m2\repository\org\apache\flink\flink-java\1.18.0\flink-java-1.18.0.jar;C:\Users\ayoub\.m2\repository\com\twitter\chill-java\0.7.6\chill-java-0.7.6.jar;C:\Users\ayoub\.m2\repository\org\apache\flink\flink-shaded-guava\31.1-jre-17.0\flink-shaded-guava-31.1-jre-17.0.jar;C:\Users\ayoub\.m2\repository\org\apache\commons\commons-math3\3.6.1\commons-math3-3.6.1.jar;C:\Users\ayoub\.m2\repository\org\slf4j\slf4j-api\1.7.36\slf4j-api-1.7.36.jar;C:\Users\ayoub\.m2\repository\com\google\code\findbugs\jsr305\1.3.9\jsr305-1.3.9.jar;C:\Users\ayoub\.m2\repository\org\apache\flink\flink-clients\1.18.0\flink-clients-1.18.0.jar;C:\Users\ayoub\.m2\repository\org\apache\flink\flink-optimizer\1.18.0\flink-optimizer-1.18.0.jar;C:\Users\ayoub\.m2\repository\commons-cli\commons-cli\1.5.0\commons-cli-1.5.0.jar;C:\Users\ayoub\.m2\repository\org\apache\flink\flink-connector-kafka\3.0.1-1.18\flink-connector-kafka-3.0.1-1.18.jar;C:\Users\ayoub\.m2\repository\org\apache\flink\flink-connector-base\1.17.0\flink-connector-base-1.17.0.jar;C:\Users\ayoub\.m2\repository\org\apache\kafka\kafka-clients\3.2.3\kafka-clients-3.2.3.jar;C:\Users\ayoub\.m2\repository\com\github\luben\zstd-jni\1.5.2-1\zstd-jni-1.5.2-1.jar;C:\Users\ayoub\.m2\repository\com\fasterxml\jackson\core\jackson-core\2.15.2\jackson-core-2.15.2.jar;C:\Users\ayoub\.m2\repository\com\fasterxml\jackson\core\jackson-databind\2.15.2\jackson-databind-2.15.2.jar;C:\Users\ayoub\.m2\repository\com\fasterxml\jackson\core\jackson-annotations\2.15.2\jackson-annotations-2.15.2.jar;C:\Users\ayoub\.m2\repository\com\fasterxml\jackson\datatype\jackson-datatype-jsr310\2.15.2\jackson-datatype-jsr310-2.15.2.jar;C:\Users\ayoub\.m2\repository\com\fasterxml\jackson\datatype\jackson-datatype-jdk8\2.15.2\jackson-datatype-jdk8-2.15.2.jar;C:\Users\ayoub\.m2\repository\org\postgresql\postgresql\42.6.0\postgresql-42.6.0.jar;C:\Users\ayoub\.m2\repository\org\checkerframework\checker-qual\3.31.0\checker-qual-3.31.0.jar;C:\Users\ayoub\.m2\repository\org\apache\flink\flink-sql-connector-elasticsearch7\3.0.1-1.17\flink-sql-connector-elasticsearch7-3.0.1-1.17.jar;C:\Users\ayoub\.m2\repository\org\apache\flink\flink-shaded-force-shading\15.0\flink-shaded-force-shading-15.0.jar;C:\Users\ayoub\.m2\repository\org\apache\logging\log4j\log4j-slf4j-impl\2.17.1\log4j-slf4j-impl-2.17.1.jar;C:\Users\ayoub\.m2\repository\org\apache\logging\log4j\log4j-api\2.17.1\log4j-api-2.17.1.jar;C:\Users\ayoub\.m2\repository\org\apache\logging\log4j\log4j-core\2.17.1\log4j-core-2.17.1.jar;C:\Users\ayoub\.m2\repository\org\projectlombok\lombok\1.18.24\lombok-1.18.24.jar;C:\Users\ayoub\.m2\repository\org\apache\flink\flink-connector-jdbc\3.1.1-1.17\flink-connector-jdbc-3.1.1-1.17.jar;"/>
    <property name="java.vm.vendor" value="Oracle Corporation"/>
    <property name="sun.arch.data.model" value="64"/>
    <property name="user.variant" value=""/>
    <property name="java.vendor.url" value="https://java.oracle.com/"/>
    <property name="user.timezone" value="Europe/Paris"/>
    <property name="os.name" value="Windows 10"/>
    <property name="java.vm.specification.version" value="20"/>
    <property name="sun.java.launcher" value="SUN_STANDARD"/>
    <property name="user.country" value="FR"/>
    <property name="sun.boot.library.path" value="C:\Program Files\Java\jdk-20\bin"/>
    <property name="sun.java.command" value="C:\Users\ayoub\AppData\Local\Temp\surefire12612386998986792630\surefirebooter-20241218010430516_3.jar C:\Users\ayoub\AppData\Local\Temp\surefire12612386998986792630 2024-12-18T01-04-30_317-jvmRun1 surefire-20241218010430516_1tmp surefire_0-20241218010430516_2tmp"/>
    <property name="jdk.debug" value="release"/>
    <property name="surefire.test.class.path" value="C:\Users\ayoub\Desktop\kappa_project\target\test-classes;C:\Users\ayoub\Desktop\kappa_project\target\classes;C:\Users\ayoub\.m2\repository\junit\junit\3.8.1\junit-3.8.1.jar;C:\Users\ayoub\.m2\repository\org\apache\flink\flink-streaming-java\1.18.0\flink-streaming-java-1.18.0.jar;C:\Users\ayoub\.m2\repository\org\apache\flink\flink-core\1.18.0\flink-core-1.18.0.jar;C:\Users\ayoub\.m2\repository\org\apache\flink\flink-annotations\1.18.0\flink-annotations-1.18.0.jar;C:\Users\ayoub\.m2\repository\org\apache\flink\flink-metrics-core\1.18.0\flink-metrics-core-1.18.0.jar;C:\Users\ayoub\.m2\repository\org\apache\flink\flink-shaded-asm-9\9.5-17.0\flink-shaded-asm-9-9.5-17.0.jar;C:\Users\ayoub\.m2\repository\org\apache\flink\flink-shaded-jackson\2.14.2-17.0\flink-shaded-jackson-2.14.2-17.0.jar;C:\Users\ayoub\.m2\repository\org\apache\commons\commons-lang3\3.12.0\commons-lang3-3.12.0.jar;C:\Users\ayoub\.m2\repository\org\apache\commons\commons-text\1.10.0\commons-text-1.10.0.jar;C:\Users\ayoub\.m2\repository\com\esotericsoftware\kryo\kryo\2.24.0\kryo-2.24.0.jar;C:\Users\ayoub\.m2\repository\com\esotericsoftware\minlog\minlog\1.2\minlog-1.2.jar;C:\Users\ayoub\.m2\repository\org\objenesis\objenesis\2.1\objenesis-2.1.jar;C:\Users\ayoub\.m2\repository\commons-collections\commons-collections\3.2.2\commons-collections-3.2.2.jar;C:\Users\ayoub\.m2\repository\org\apache\commons\commons-compress\1.21\commons-compress-1.21.jar;C:\Users\ayoub\.m2\repository\org\apache\flink\flink-file-sink-common\1.18.0\flink-file-sink-common-1.18.0.jar;C:\Users\ayoub\.m2\repository\org\apache\flink\flink-runtime\1.18.0\flink-runtime-1.18.0.jar;C:\Users\ayoub\.m2\repository\org\apache\flink\flink-rpc-core\1.18.0\flink-rpc-core-1.18.0.jar;C:\Users\ayoub\.m2\repository\org\apache\flink\flink-rpc-akka-loader\1.18.0\flink-rpc-akka-loader-1.18.0.jar;C:\Users\ayoub\.m2\repository\org\apache\flink\flink-queryable-state-client-java\1.18.0\flink-queryable-state-client-java-1.18.0.jar;C:\Users\ayoub\.m2\repository\org\apache\flink\flink-hadoop-fs\1.18.0\flink-hadoop-fs-1.18.0.jar;C:\Users\ayoub\.m2\repository\commons-io\commons-io\2.11.0\commons-io-2.11.0.jar;C:\Users\ayoub\.m2\repository\org\apache\flink\flink-shaded-netty\4.1.91.Final-17.0\flink-shaded-netty-4.1.91.Final-17.0.jar;C:\Users\ayoub\.m2\repository\org\apache\flink\flink-shaded-zookeeper-3\3.7.1-17.0\flink-shaded-zookeeper-3-3.7.1-17.0.jar;C:\Users\ayoub\.m2\repository\org\javassist\javassist\3.24.0-GA\javassist-3.24.0-GA.jar;C:\Users\ayoub\.m2\repository\org\xerial\snappy\snappy-java\1.1.10.4\snappy-java-1.1.10.4.jar;C:\Users\ayoub\.m2\repository\org\lz4\lz4-java\1.8.0\lz4-java-1.8.0.jar;C:\Users\ayoub\.m2\repository\org\apache\flink\flink-java\1.18.0\flink-java-1.18.0.jar;C:\Users\ayoub\.m2\repository\com\twitter\chill-java\0.7.6\chill-java-0.7.6.jar;C:\Users\ayoub\.m2\repository\org\apache\flink\flink-shaded-guava\31.1-jre-17.0\flink-shaded-guava-31.1-jre-17.0.jar;C:\Users\ayoub\.m2\repository\org\apache\commons\commons-math3\3.6.1\commons-math3-3.6.1.jar;C:\Users\ayoub\.m2\repository\org\slf4j\slf4j-api\1.7.36\slf4j-api-1.7.36.jar;C:\Users\ayoub\.m2\repository\com\google\code\findbugs\jsr305\1.3.9\jsr305-1.3.9.jar;C:\Users\ayoub\.m2\repository\org\apache\flink\flink-clients\1.18.0\flink-clients-1.18.0.jar;C:\Users\ayoub\.m2\repository\org\apache\flink\flink-optimizer\1.18.0\flink-optimizer-1.18.0.jar;C:\Users\ayoub\.m2\repository\commons-cli\commons-cli\1.5.0\commons-cli-1.5.0.jar;C:\Users\ayoub\.m2\repository\org\apache\flink\flink-connector-kafka\3.0.1-1.18\flink-connector-kafka-3.0.1-1.18.jar;C:\Users\ayoub\.m2\repository\org\apache\flink\flink-connector-base\1.17.0\flink-connector-base-1.17.0.jar;C:\Users\ayoub\.m2\repository\org\apache\kafka\kafka-clients\3.2.3\kafka-clients-3.2.3.jar;C:\Users\ayoub\.m2\repository\com\github\luben\zstd-jni\1.5.2-1\zstd-jni-1.5.2-1.jar;C:\Users\ayoub\.m2\repository\com\fasterxml\jackson\core\jackson-core\2.15.2\jackson-core-2.15.2.jar;C:\Users\ayoub\.m2\repository\com\fasterxml\jackson\core\jackson-databind\2.15.2\jackson-databind-2.15.2.jar;C:\Users\ayoub\.m2\repository\com\fasterxml\jackson\core\jackson-annotations\2.15.2\jackson-annotations-2.15.2.jar;C:\Users\ayoub\.m2\repository\com\fasterxml\jackson\datatype\jackson-datatype-jsr310\2.15.2\jackson-datatype-jsr310-2.15.2.jar;C:\Users\ayoub\.m2\repository\com\fasterxml\jackson\datatype\jackson-datatype-jdk8\2.15.2\jackson-datatype-jdk8-2.15.2.jar;C:\Users\ayoub\.m2\repository\org\postgresql\postgresql\42.6.0\postgresql-42.6.0.jar;C:\Users\ayoub\.m2\repository\org\checkerframework\checker-qual\3.31.0\checker-qual-3.31.0.jar;C:\Users\ayoub\.m2\repository\org\apache\flink\flink-sql-connector-elasticsearch7\3.0.1-1.17\flink-sql-connector-elasticsearch7-3.0.1-1.17.jar;C:\Users\ayoub\.m2\repository\org\apache\flink\flink-shaded-force-shading\15.0\flink-shaded-force-shading-15.0.jar;C:\Users\ayoub\.m2\repository\org\apache\logging\log4j\log4j-slf4j-impl\2.17.1\log4j-slf4j-impl-2.17.1.jar;C:\Users\ayoub\.m2\repository\org\apache\logging\log4j\log4j-api\2.17.1\log4j-api-2.17.1.jar;C:\Users\ayoub\.m2\repository\org\apache\logging\log4j\log4j-core\2.17.1\log4j-core-2.17.1.jar;C:\Users\ayoub\.m2\repository\org\projectlombok\lombok\1.18.24\lombok-1.18.24.jar;C:\Users\ayoub\.m2\repository\org\apache\flink\flink-connector-jdbc\3.1.1-1.17\flink-connector-jdbc-3.1.1-1.17.jar;"/>
    <property name="sun.cpu.endian" value="little"/>
    <property name="user.home" value="C:\Users\ayoub"/>
    <property name="user.language" value="fr"/>
    <property name="java.specification.vendor" value="Oracle Corporation"/>
    <property name="java.version.date" value="2023-07-18"/>
    <property name="java.home" value="C:\Program Files\Java\jdk-20"/>
    <property name="file.separator" value="\"/>
    <property name="basedir" value="C:\Users\ayoub\Desktop\kappa_project"/>
    <property name="java.vm.compressedOopsMode" value="Zero based"/>
    <property name="line.separator" value="&#10;"/>
    <property name="java.vm.specification.vendor" value="Oracle Corporation"/>
    <property name="java.specification.name" value="Java Platform API Specification"/>
    <property name="surefire.real.class.path" value="C:\Users\ayoub\AppData\Local\Temp\surefire12612386998986792630\surefirebooter-20241218010430516_3.jar"/>
    <property name="user.script" value=""/>
    <property name="sun.management.compiler" value="HotSpot 64-Bit Tiered Compilers"/>
    <property name="java.runtime.version" value="20.0.2+9-78"/>
    <property name="user.name" value="ayoub"/>
    <property name="stdout.encoding" value="Cp1252"/>
    <property name="path.separator" value=";"/>
    <property name="os.version" value="10.0"/>
    <property name="java.runtime.name" value="Java(TM) SE Runtime Environment"/>
    <property name="file.encoding" value="UTF-8"/>
    <property name="java.vm.name" value="Java HotSpot(TM) 64-Bit Server VM"/>
    <property name="localRepository" value="C:\Users\ayoub\.m2\repository"/>
    <property name="java.vendor.url.bug" value="https://bugreport.java.com/bugreport/"/>
    <property name="java.io.tmpdir" value="C:\Users\ayoub\AppData\Local\Temp\"/>
    <property name="java.version" value="20.0.2"/>
    <property name="user.dir" value="C:\Users\ayoub\Desktop\kappa_project"/>
    <property name="os.arch" value="amd64"/>
    <property name="java.vm.specification.name" value="Java Virtual Machine Specification"/>
    <property name="sun.os.patch.level" value=""/>
    <property name="native.encoding" value="Cp1252"/>
    <property name="java.library.path" value="C:\Program Files\Java\jdk-20\bin;C:\WINDOWS\Sun\Java\bin;C:\WINDOWS\system32;C:\WINDOWS;C:\Program Files\ARX-3.9.1\bin;C:\Program Files\Common Files\Oracle\Java\javapath;C:\WINDOWS\system32;C:\WINDOWS;C:\WINDOWS\System32\Wbem;C:\WINDOWS\System32\WindowsPowerShell\v1.0\;C:\WINDOWS\System32\OpenSSH\;C:\Program Files\Git\cmd;C:\Program Files\Java\jdk-20\bin;C:\Program Files\MongoDB\Server\8.0\bin;C:\Program Files\Docker\Docker\resources\bin;C:\Users\ayoub\Downloads\apache-maven-3.9.9\bin;C:\Users\ayoub\AppData\Local\Microsoft\WindowsApps;C:\Users\ayoub\AppData\Local\Programs\Microsoft VS Code\bin;C:\Program Files\MongoDB\Server\8.0\bin;;."/>
    <property name="java.vm.info" value="mixed mode, sharing"/>
    <property name="stderr.encoding" value="Cp1252"/>
    <property name="java.vendor" value="Oracle Corporation"/>
    <property name="java.vm.version" value="20.0.2+9-78"/>
    <property name="sun.io.unicode.encoding" value="UnicodeLittle"/>
    <property name="java.class.version" value="64.0"/>
  </properties>
  <testcase name="testApp" classname="com.example.flink.AppTest" time="0.004"/>
</testsuite>